<?xml version="1.0" encoding="UTF-8"?>
<!-- Generated by org.testng.reporters.JUnitReportReporter -->
<testsuite hostname="MWDH-Work2" failures="0" tests="1" name="ass1W9D3.ChromeWebDriverAss1W9D3" time="21.109" errors="0" timestamp="2022-08-03T02:22:56 AST" skipped="0">
  <testcase classname="ass1W9D3.ChromeWebDriverAss1W9D3" name="LearnEnglishWebSite" time="21.109"/>
  <system-out/>
</testsuite> <!-- ass1W9D3.ChromeWebDriverAss1W9D3 -->
